{
  "RSpec": {
    "coverage": {
      "/home/wise-routine-5654/tic-tac-toe-rb-nyc-fastttrack-011120/lib/tic_tac_toe.rb": [
        null,
        1,
        null,
        null,
        null,
        null,
        null,
        null,
        null,
        null,
        null,
        1,
        5,
        5,
        5,
        5,
        5,
        null,
        null,
        1,
        3,
        null,
        null,
        1,
        4,
        null,
        null,
        1,
        0,
        0,
        null,
        0,
        null,
        null,
        1,
        12,
        1,
        null,
        2,
        1,
        null,
        null,
        null,
        null,
        1,
        16,
        4,
        null,
        3,
        null,
        null,
        null,
        null,
        1,
        9,
        9,
        9,
        0,
        null,
        0,
        null,
        0,
        null,
        null,
        1,
        9,
        9,
        81,
        5,
        null,
        null,
        9,
        null,
        null,
        1,
        8,
        8,
        null,
        0,
        null,
        null,
        null,
        null,
        1,
        null,
        null,
        null,
        null,
        null,
        null,
        null,
        null,
        1,
        26,
        null,
        177,
        177,
        177,
        null,
        177,
        177,
        177,
        null,
        null,
        null,
        177,
        8,
        169,
        3,
        null,
        null,
        15,
        null,
        null,
        1,
        79,
        null,
        1,
        11,
        5,
        null,
        6,
        null,
        null,
        null,
        1,
        11,
        7,
        null,
        4,
        null,
        null,
        null,
        1,
        3,
        2,
        null,
        null,
        null,
        null,
        1,
        12,
        7,
        7,
        null,
        null,
        null,
        null,
        null
      ]
    },
    "timestamp": 1578880525
  }
}
